#
# A fatal error has been detected by the Java Runtime Environment:
#
#  EXCEPTION_ACCESS_VIOLATION (0xc0000005) at pc=0x0000000055f8a6a5, pid=3076, tid=19508
#
# JRE version: Java(TM) SE Runtime Environment (8.0_31-b13) (build 1.8.0_31-b13)
# Java VM: Java HotSpot(TM) 64-Bit Server VM (25.31-b07 mixed mode windows-amd64 compressed oops)
# Problematic frame:
# V  [jvm.dll+0x11a6a5]
#
# Failed to write core dump. Minidumps are not enabled by default on client versions of Windows
#
# If you would like to submit a bug report, please visit:
#   http://bugreport.java.com/bugreport/crash.jsp
#

---------------  T H R E A D  ---------------

Current thread (0x000000001d7fd800):  JavaThread "JDWP Transport Listener: dt_socket" daemon [_thread_in_vm, id=19508, stack(0x000000001d350000,0x000000001d450000)]

siginfo: ExceptionCode=0xc0000005, reading address 0x0000000000000010

Registers:
RAX=0x000000001d44f501, RBX=0x000000001d7fd800, RCX=0x0000000000000010, RDX=0x0000000000000000
RSP=0x000000001d44f520, RBP=0x0000000000000010, RSI=0x000000001d44f638, RDI=0x00000000001cab20
R8 =0x000000001d7fd800, R9 =0x0000000000000700, R10=0x0000000000000000, R11=0x614c554700030008
R12=0x0000000000000000, R13=0x000000001d805ef8, R14=0x0000000000000000, R15=0x0000000000000000
RIP=0x0000000055f8a6a5, EFLAGS=0x0000000000010202

Top of Stack: (sp=0x000000001d44f520)
0x000000001d44f520:   000000001d7fd800 0000000020ef1170
0x000000001d44f530:   000000001d44f5e8 0000000056187c1b
0x000000001d44f540:   000000001d7fd800 00000000561a447d
0x000000001d44f550:   0000000000000000 000000006aa29149
0x000000001d44f560:   000000001ea43c08 000000006aa32912
0x000000001d44f570:   000000001d7fd800 0000000000000000
0x000000001d44f580:   0000000000000000 0000000000000000
0x000000001d44f590:   0000000000000010 000000006aa31a09
0x000000001d44f5a0:   000000001d44f638 000000001d44f610
0x000000001d44f5b0:   0000000000000001 000000001ea43c08
0x000000001d44f5c0:   0000000000000010 000000006aa153b3
0x000000001d44f5d0:   000000001d44f700 0000000000000001
0x000000001d44f5e0:   0000000000000001 000000001ea43c08
0x000000001d44f5f0:   0000000000000001 0000000000000000
0x000000001d44f600:   0000000000000000 0000000000000000
0x000000001d44f610:   0000000000000001 000000006aa15571 

Instructions: (pc=0x0000000055f8a6a5)
0x0000000055f8a685:   cc cc cc cc cc cc cc cc cc cc cc 48 83 ec 28 48
0x0000000055f8a695:   85 c9 75 07 33 c0 48 83 c4 28 c3 48 89 5c 24 20
0x0000000055f8a6a5:   48 8b 19 48 85 db 74 20 48 83 fb 37 74 1a 48 8b
0x0000000055f8a6b5:   13 48 8b cb ff 52 10 84 c0 74 0d 48 8b c3 48 8b 


Register to memory mapping:

RAX=0x000000001d44f501 is pointing into the stack for thread: 0x000000001d7fd800
RBX=0x000000001d7fd800 is a thread
RCX=0x0000000000000010 is an unknown value
RDX=0x0000000000000000 is an unknown value
RSP=0x000000001d44f520 is pointing into the stack for thread: 0x000000001d7fd800
RBP=0x0000000000000010 is an unknown value
RSI=0x000000001d44f638 is pointing into the stack for thread: 0x000000001d7fd800
RDI=0x00000000001cab20 is an unknown value
R8 =0x000000001d7fd800 is a thread
R9 =0x0000000000000700 is an unknown value
R10=0x0000000000000000 is an unknown value
R11=0x614c554700030008 is an unknown value
R12=0x0000000000000000 is an unknown value
R13=0x000000001d805ef8 is an unknown value
R14=0x0000000000000000 is an unknown value
R15=0x0000000000000000 is an unknown value


Stack: [0x000000001d350000,0x000000001d450000],  sp=0x000000001d44f520,  free space=1021k
Native frames: (J=compiled Java code, j=interpreted, Vv=VM code, C=native code)
V  [jvm.dll+0x11a6a5]
V  [jvm.dll+0x33447d]
C  [jdwp.dll+0x21a09]
C  [jdwp.dll+0x53b3]
C  [jdwp.dll+0x5571]
C  [jdwp.dll+0xf09c]
C  [jdwp.dll+0x1f2c9]
C  [jdwp.dll+0x1f49e]
V  [jvm.dll+0x1ac128]
V  [jvm.dll+0x22c194]
V  [jvm.dll+0x28576a]
C  [msvcr100.dll+0x21d9f]
C  [msvcr100.dll+0x21e3b]
C  [kernel32.dll+0x1570d]
C  [ntdll.dll+0x5385d]


---------------  P R O C E S S  ---------------

Java Threads: ( => current thread )
  0x000000001f050800 JavaThread "Keep-Alive-Timer" daemon [_thread_blocked, id=18556, stack(0x000000001e180000,0x000000001e280000)]
  0x000000001f051000 JavaThread "HikariPool-1 housekeeper" daemon [_thread_blocked, id=19596, stack(0x00000000233d0000,0x00000000234d0000)]
  0x00000000211ac000 JavaThread "DestroyJavaVM" [_thread_blocked, id=17536, stack(0x0000000002800000,0x0000000002900000)]
  0x00000000211ab000 JavaThread "scheduling-1" [_thread_blocked, id=7676, stack(0x00000000240c0000,0x00000000241c0000)]
  0x00000000211aa800 JavaThread "http-nio-8080-Acceptor" daemon [_thread_in_native, id=12460, stack(0x0000000023f00000,0x0000000024000000)]
  0x00000000211a9800 JavaThread "http-nio-8080-Poller" daemon [_thread_in_native, id=19132, stack(0x0000000023d10000,0x0000000023e10000)]
  0x00000000211a9000 JavaThread "http-nio-8080-exec-10" daemon [_thread_blocked, id=12132, stack(0x0000000023b20000,0x0000000023c20000)]
  0x00000000211a8000 JavaThread "http-nio-8080-exec-9" daemon [_thread_blocked, id=16548, stack(0x00000000238e0000,0x00000000239e0000)]
  0x00000000211a7800 JavaThread "http-nio-8080-exec-8" daemon [_thread_blocked, id=14220, stack(0x0000000023720000,0x0000000023820000)]
  0x00000000211a6800 JavaThread "http-nio-8080-exec-7" daemon [_thread_blocked, id=16564, stack(0x0000000023180000,0x0000000023280000)]
  0x00000000211a6000 JavaThread "http-nio-8080-exec-6" daemon [_thread_blocked, id=18352, stack(0x00000000234e0000,0x00000000235e0000)]
  0x00000000211a5000 JavaThread "http-nio-8080-exec-5" daemon [_thread_blocked, id=21368, stack(0x00000000232b0000,0x00000000233b0000)]
  0x00000000211a4800 JavaThread "http-nio-8080-exec-4" daemon [_thread_blocked, id=19764, stack(0x0000000022f40000,0x0000000023040000)]
  0x00000000211a3800 JavaThread "http-nio-8080-exec-3" daemon [_thread_blocked, id=21768, stack(0x0000000023040000,0x0000000023140000)]
  0x00000000211a2000 JavaThread "http-nio-8080-exec-2" daemon [_thread_blocked, id=22288, stack(0x0000000022e20000,0x0000000022f20000)]
  0x00000000211a1000 JavaThread "http-nio-8080-exec-1" daemon [_thread_blocked, id=13204, stack(0x000000001df80000,0x000000001e080000)]
  0x0000000020e68800 JavaThread "lettuce-timer-3-1" daemon [_thread_blocked, id=6768, stack(0x000000001fe70000,0x000000001ff70000)]
  0x0000000020c2e800 JavaThread "mysql-cj-abandoned-connection-cleanup" daemon [_thread_blocked, id=13260, stack(0x00000000222e0000,0x00000000223e0000)]
  0x0000000020ba6000 JavaThread "container-0" [_thread_blocked, id=19280, stack(0x0000000022170000,0x0000000022270000)]
  0x0000000020ba5000 JavaThread "Catalina-utility-2" [_thread_blocked, id=7104, stack(0x0000000021fc0000,0x00000000220c0000)]
  0x0000000020b55000 JavaThread "Catalina-utility-1" [_thread_blocked, id=16788, stack(0x000000001f110000,0x000000001f210000)]
  0x0000000020232000 JavaThread "RMI Scheduler(0)" daemon [_thread_blocked, id=10180, stack(0x00000000212c0000,0x00000000213c0000)]
  0x000000001ea7b800 JavaThread "RMI TCP Accept-0" daemon [_thread_in_native, id=21572, stack(0x000000001f540000,0x000000001f640000)]
  0x000000001e915800 JavaThread "Service Thread" daemon [_thread_blocked, id=16748, stack(0x000000001f210000,0x000000001f310000)]
  0x000000001dbaa800 JavaThread "C1 CompilerThread2" daemon [_thread_blocked, id=1020, stack(0x000000001e7d0000,0x000000001e8d0000)]
  0x000000001db91000 JavaThread "C2 CompilerThread1" daemon [_thread_blocked, id=3624, stack(0x000000001e5f0000,0x000000001e6f0000)]
  0x000000001db8e000 JavaThread "C2 CompilerThread0" daemon [_thread_blocked, id=16800, stack(0x000000001e460000,0x000000001e560000)]
  0x000000001d810800 JavaThread "JDWP Command Reader" daemon [_thread_in_native, id=21668, stack(0x000000001e2d0000,0x000000001e3d0000)]
  0x000000001d80d000 JavaThread "JDWP Event Helper Thread" daemon [_thread_blocked, id=14108, stack(0x000000001e080000,0x000000001e180000)]
=>0x000000001d7fd800 JavaThread "JDWP Transport Listener: dt_socket" daemon [_thread_in_vm, id=19508, stack(0x000000001d350000,0x000000001d450000)]
  0x000000001d7ee800 JavaThread "Attach Listener" daemon [_thread_blocked, id=8292, stack(0x000000001de80000,0x000000001df80000)]
  0x000000001c27f800 JavaThread "Signal Dispatcher" daemon [_thread_blocked, id=5996, stack(0x000000001dc90000,0x000000001dd90000)]
  0x000000001c214800 JavaThread "Finalizer" daemon [_thread_blocked, id=15496, stack(0x000000001d6e0000,0x000000001d7e0000)]
  0x000000001c211800 JavaThread "Reference Handler" daemon [_thread_blocked, id=17120, stack(0x000000001d4e0000,0x000000001d5e0000)]

Other Threads:
  0x000000001c20e000 VMThread [stack: 0x000000001d210000,0x000000001d310000] [id=4640]
  0x000000001eacc000 WatcherThread [stack: 0x000000001f770000,0x000000001f870000] [id=13852]

VM state:not at safepoint (normal execution)

VM Mutex/Monitor currently owned by a thread: None

Heap:
 PSYoungGen      total 95232K, used 13232K [0x000000076b300000, 0x0000000787b00000, 0x00000007c0000000)
  eden space 89600K, 8% used [0x000000076b300000,0x000000076ba88e68,0x0000000770a80000)
  from space 5632K, 97% used [0x0000000786e00000,0x00000007873634a8,0x0000000787380000)
  to   space 7680K, 0% used [0x0000000787380000,0x0000000787380000,0x0000000787b00000)
 ParOldGen       total 121856K, used 38885K [0x00000006c1800000, 0x00000006c8f00000, 0x000000076b300000)
  object space 121856K, 31% used [0x00000006c1800000,0x00000006c3df9630,0x00000006c8f00000)
 Metaspace       used 50964K, capacity 54290K, committed 54480K, reserved 1097728K
  class space    used 6538K, capacity 7128K, committed 7164K, reserved 1048576K

Card table byte_map: [0x0000000011e90000,0x0000000012690000] byte_map_base: 0x000000000e884000

Marking Bits: (ParMarkBitMap*) 0x000000005664d4f0
 Begin Bits: [0x0000000013140000, 0x00000000170e0000)
 End Bits:   [0x00000000170e0000, 0x000000001b080000)

Polling page: 0x0000000000150000

CodeCache: size=245760Kb used=18806Kb max_used=18806Kb free=226953Kb
 bounds [0x0000000002ad0000, 0x0000000003d40000, 0x0000000011ad0000]
 total_blobs=9674 nmethods=9131 adapters=463
 compilation: enabled

Compilation events (10 events):
Event: 63950.381 Thread 0x000000001dbaa800 9242       1       java.util.stream.Collectors$$Lambda$623/281312377::apply (8 bytes)
Event: 63950.381 Thread 0x000000001dbaa800 nmethod 9242 0x0000000003d2ef10 code [0x0000000003d2f080, 0x0000000003d2f208]
Event: 63988.808 Thread 0x000000001dbaa800 9243       1       java.util.concurrent.ScheduledThreadPoolExecutor::delayedExecute (70 bytes)
Event: 63988.809 Thread 0x000000001dbaa800 nmethod 9243 0x0000000003d2f2d0 code [0x0000000003d2f480, 0x0000000003d2f7d8]
Event: 64055.937 Thread 0x000000001dbaa800 9244       1       com.reptile.wuthering.waves.request.PXProductService$$Lambda$964/1331763293::apply (8 bytes)
Event: 64055.937 Thread 0x000000001dbaa800 nmethod 9244 0x0000000003d2fa90 code [0x0000000003d2fc00, 0x0000000003d2fda8]
Event: 64055.938 Thread 0x000000001dbaa800 9245       1       com.reptile.wuthering.waves.request.PXProductService::lambda$detail$0 (9 bytes)
Event: 64055.938 Thread 0x000000001dbaa800 nmethod 9245 0x0000000003d2fe50 code [0x0000000003d2ffa0, 0x0000000003d300c8]
Event: 64287.599 Thread 0x000000001dbaa800 9246       1       org.jsoup.select.Elements::select (6 bytes)
Event: 64287.599 Thread 0x000000001dbaa800 nmethod 9246 0x0000000003d30150 code [0x0000000003d302a0, 0x0000000003d303e8]

GC Heap History (10 events):
Event: 62915.684 GC heap before
{Heap before GC invocations=75 (full 2):
 PSYoungGen      total 103936K, used 103914K [0x000000076b300000, 0x0000000788f00000, 0x00000007c0000000)
  eden space 99840K, 100% used [0x000000076b300000,0x0000000771480000,0x0000000771480000)
  from space 4096K, 99% used [0x0000000788b00000,0x0000000788efa840,0x0000000788f00000)
  to   space 9216K, 0% used [0x0000000787d00000,0x0000000787d00000,0x0000000788600000)
 ParOldGen       total 121856K, used 38829K [0x00000006c1800000, 0x00000006c8f00000, 0x000000076b300000)
  object space 121856K, 31% used [0x00000006c1800000,0x00000006c3deb630,0x00000006c8f00000)
 Metaspace       used 50874K, capacity 54162K, committed 54224K, reserved 1095680K
  class space    used 6537K, capacity 7128K, committed 7164K, reserved 1048576K
Event: 62915.689 GC heap after
Heap after GC invocations=75 (full 2):
 PSYoungGen      total 101888K, used 3979K [0x000000076b300000, 0x0000000788b80000, 0x00000007c0000000)
  eden space 97792K, 0% used [0x000000076b300000,0x000000076b300000,0x0000000771280000)
  from space 4096K, 97% used [0x0000000787d00000,0x00000007880e2ee0,0x0000000788100000)
  to   space 9216K, 0% used [0x0000000788280000,0x0000000788280000,0x0000000788b80000)
 ParOldGen       total 121856K, used 38853K [0x00000006c1800000, 0x00000006c8f00000, 0x000000076b300000)
  object space 121856K, 31% used [0x00000006c1800000,0x00000006c3df1630,0x00000006c8f00000)
 Metaspace       used 50874K, capacity 54162K, committed 54224K, reserved 1095680K
  class space    used 6537K, capacity 7128K, committed 7164K, reserved 1048576K
}
Event: 63286.062 GC heap before
{Heap before GC invocations=76 (full 2):
 PSYoungGen      total 101888K, used 101748K [0x000000076b300000, 0x0000000788b80000, 0x00000007c0000000)
  eden space 97792K, 99% used [0x000000076b300000,0x000000077127a300,0x0000000771280000)
  from space 4096K, 97% used [0x0000000787d00000,0x00000007880e2ee0,0x0000000788100000)
  to   space 9216K, 0% used [0x0000000788280000,0x0000000788280000,0x0000000788b80000)
 ParOldGen       total 121856K, used 38853K [0x00000006c1800000, 0x00000006c8f00000, 0x000000076b300000)
  object space 121856K, 31% used [0x00000006c1800000,0x00000006c3df1630,0x00000006c8f00000)
 Metaspace       used 50875K, capacity 54162K, committed 54224K, reserved 1095680K
  class space    used 6537K, capacity 7128K, committed 7164K, reserved 1048576K
Event: 63286.067 GC heap after
Heap after GC invocations=76 (full 2):
 PSYoungGen      total 100864K, used 4931K [0x000000076b300000, 0x0000000788780000, 0x00000007c0000000)
  eden space 95744K, 0% used [0x000000076b300000,0x000000076b300000,0x0000000771080000)
  from space 5120K, 96% used [0x0000000788280000,0x0000000788750e50,0x0000000788780000)
  to   space 8704K, 0% used [0x0000000787680000,0x0000000787680000,0x0000000787f00000)
 ParOldGen       total 121856K, used 38853K [0x00000006c1800000, 0x00000006c8f00000, 0x000000076b300000)
  object space 121856K, 31% used [0x00000006c1800000,0x00000006c3df1630,0x00000006c8f00000)
 Metaspace       used 50875K, capacity 54162K, committed 54224K, reserved 1095680K
  class space    used 6537K, capacity 7128K, committed 7164K, reserved 1048576K
}
Event: 63648.127 GC heap before
{Heap before GC invocations=77 (full 2):
 PSYoungGen      total 100864K, used 100675K [0x000000076b300000, 0x0000000788780000, 0x00000007c0000000)
  eden space 95744K, 100% used [0x000000076b300000,0x0000000771080000,0x0000000771080000)
  from space 5120K, 96% used [0x0000000788280000,0x0000000788750e50,0x0000000788780000)
  to   space 8704K, 0% used [0x0000000787680000,0x0000000787680000,0x0000000787f00000)
 ParOldGen       total 121856K, used 38853K [0x00000006c1800000, 0x00000006c8f00000, 0x000000076b300000)
  object space 121856K, 31% used [0x00000006c1800000,0x00000006c3df1630,0x00000006c8f00000)
 Metaspace       used 50875K, capacity 54162K, committed 54224K, reserved 1095680K
  class space    used 6537K, capacity 7128K, committed 7164K, reserved 1048576K
Event: 63648.133 GC heap after
Heap after GC invocations=77 (full 2):
 PSYoungGen      total 97792K, used 4042K [0x000000076b300000, 0x0000000788300000, 0x00000007c0000000)
  eden space 93696K, 0% used [0x000000076b300000,0x000000076b300000,0x0000000770e80000)
  from space 4096K, 98% used [0x0000000787680000,0x0000000787a72820,0x0000000787a80000)
  to   space 8704K, 0% used [0x0000000787a80000,0x0000000787a80000,0x0000000788300000)
 ParOldGen       total 121856K, used 38885K [0x00000006c1800000, 0x00000006c8f00000, 0x000000076b300000)
  object space 121856K, 31% used [0x00000006c1800000,0x00000006c3df9630,0x00000006c8f00000)
 Metaspace       used 50875K, capacity 54162K, committed 54224K, reserved 1095680K
  class space    used 6537K, capacity 7128K, committed 7164K, reserved 1048576K
}
Event: 63967.605 GC heap before
{Heap before GC invocations=78 (full 2):
 PSYoungGen      total 97792K, used 97738K [0x000000076b300000, 0x0000000788300000, 0x00000007c0000000)
  eden space 93696K, 100% used [0x000000076b300000,0x0000000770e80000,0x0000000770e80000)
  from space 4096K, 98% used [0x0000000787680000,0x0000000787a72820,0x0000000787a80000)
  to   space 8704K, 0% used [0x0000000787a80000,0x0000000787a80000,0x0000000788300000)
 ParOldGen       total 121856K, used 38885K [0x00000006c1800000, 0x00000006c8f00000, 0x000000076b300000)
  object space 121856K, 31% used [0x00000006c1800000,0x00000006c3df9630,0x00000006c8f00000)
 Metaspace       used 50933K, capacity 54226K, committed 54480K, reserved 1097728K
  class space    used 6538K, capacity 7128K, committed 7164K, reserved 1048576K
Event: 63967.611 GC heap after
Heap after GC invocations=78 (full 2):
 PSYoungGen      total 96256K, used 4098K [0x000000076b300000, 0x0000000787f00000, 0x00000007c0000000)
  eden space 91648K, 0% used [0x000000076b300000,0x000000076b300000,0x0000000770c80000)
  from space 4608K, 88% used [0x0000000787a80000,0x0000000787e80890,0x0000000787f00000)
  to   space 8704K, 0% used [0x0000000786e00000,0x0000000786e00000,0x0000000787680000)
 ParOldGen       total 121856K, used 38885K [0x00000006c1800000, 0x00000006c8f00000, 0x000000076b300000)
  object space 121856K, 31% used [0x00000006c1800000,0x00000006c3df9630,0x00000006c8f00000)
 Metaspace       used 50933K, capacity 54226K, committed 54480K, reserved 1097728K
  class space    used 6538K, capacity 7128K, committed 7164K, reserved 1048576K
}
Event: 64286.128 GC heap before
{Heap before GC invocations=79 (full 2):
 PSYoungGen      total 96256K, used 95746K [0x000000076b300000, 0x0000000787f00000, 0x00000007c0000000)
  eden space 91648K, 100% used [0x000000076b300000,0x0000000770c80000,0x0000000770c80000)
  from space 4608K, 88% used [0x0000000787a80000,0x0000000787e80890,0x0000000787f00000)
  to   space 8704K, 0% used [0x0000000786e00000,0x0000000786e00000,0x0000000787680000)
 ParOldGen       total 121856K, used 38885K [0x00000006c1800000, 0x00000006c8f00000, 0x000000076b300000)
  object space 121856K, 31% used [0x00000006c1800000,0x00000006c3df9630,0x00000006c8f00000)
 Metaspace       used 50933K, capacity 54226K, committed 54480K, reserved 1097728K
  class space    used 6538K, capacity 7128K, committed 7164K, reserved 1048576K
Event: 64286.134 GC heap after
Heap after GC invocations=79 (full 2):
 PSYoungGen      total 95232K, used 5517K [0x000000076b300000, 0x0000000787b00000, 0x00000007c0000000)
  eden space 89600K, 0% used [0x000000076b300000,0x000000076b300000,0x0000000770a80000)
  from space 5632K, 97% used [0x0000000786e00000,0x00000007873634a8,0x0000000787380000)
  to   space 7680K, 0% used [0x0000000787380000,0x0000000787380000,0x0000000787b00000)
 ParOldGen       total 121856K, used 38885K [0x00000006c1800000, 0x00000006c8f00000, 0x000000076b300000)
  object space 121856K, 31% used [0x00000006c1800000,0x00000006c3df9630,0x00000006c8f00000)
 Metaspace       used 50933K, capacity 54226K, committed 54480K, reserved 1097728K
  class space    used 6538K, capacity 7128K, committed 7164K, reserved 1048576K
}

Deoptimization events (0 events):
No events

Internal exceptions (10 events):
Event: 63009.053 Thread 0x00000000211ab000 Exception <a 'java/net/SocketTimeoutException': Read timed out> (0x000000076cf658d0) thrown at [C:\workspace\8-2-build-windows-amd64-cygwin\jdk8u31\2394\hotspot\src\share\vm\prims\jni.cpp, line 742]
Event: 63306.268 Thread 0x00000000211ab000 Exception <a 'java/net/SocketTimeoutException': Read timed out> (0x000000076bcf4230) thrown at [C:\workspace\8-2-build-windows-amd64-cygwin\jdk8u31\2394\hotspot\src\share\vm\prims\jni.cpp, line 742]
Event: 63768.201 Thread 0x00000000211ab000 Exception <a 'java/security/PrivilegedActionException'> (0x000000076d325c38) thrown at [C:\workspace\8-2-build-windows-amd64-cygwin\jdk8u31\2394\hotspot\src\share\vm\prims\jvm.cpp, line 1312]
Event: 63768.202 Thread 0x00000000211ab000 Exception <a 'java/security/PrivilegedActionException'> (0x000000076d32cee0) thrown at [C:\workspace\8-2-build-windows-amd64-cygwin\jdk8u31\2394\hotspot\src\share\vm\prims\jvm.cpp, line 1312]
Event: 63768.202 Thread 0x00000000211ab000 Exception <a 'java/security/PrivilegedActionException'> (0x000000076d32d560) thrown at [C:\workspace\8-2-build-windows-amd64-cygwin\jdk8u31\2394\hotspot\src\share\vm\prims\jvm.cpp, line 1312]
Event: 63768.202 Thread 0x00000000211ab000 Exception <a 'java/security/PrivilegedActionException'> (0x000000076d334808) thrown at [C:\workspace\8-2-build-windows-amd64-cygwin\jdk8u31\2394\hotspot\src\share\vm\prims\jvm.cpp, line 1312]
Event: 63809.487 Thread 0x00000000211ab000 Exception <a 'java/net/SocketTimeoutException': Read timed out> (0x000000076e164ba0) thrown at [C:\workspace\8-2-build-windows-amd64-cygwin\jdk8u31\2394\hotspot\src\share\vm\prims\jni.cpp, line 742]
Event: 63967.808 Thread 0x00000000211ab000 Exception <a 'java/net/SocketTimeoutException': Read timed out> (0x000000076b3bfc18) thrown at [C:\workspace\8-2-build-windows-amd64-cygwin\jdk8u31\2394\hotspot\src\share\vm\prims\jni.cpp, line 742]
Event: 64056.328 Thread 0x00000000211ab000 Exception <a 'java/net/SocketTimeoutException': Read timed out> (0x000000076cece9a8) thrown at [C:\workspace\8-2-build-windows-amd64-cygwin\jdk8u31\2394\hotspot\src\share\vm\prims\jni.cpp, line 742]
Event: 64088.211 Thread 0x00000000211ab000 Exception <a 'java/net/SocketTimeoutException': Read timed out> (0x000000076da328a0) thrown at [C:\workspace\8-2-build-windows-amd64-cygwin\jdk8u31\2394\hotspot\src\share\vm\prims\jni.cpp, line 742]

Events (10 events):
Event: 64287.692 Thread 0x000000001f052000 Thread added: 0x000000001f052000
Event: 64287.692 Executing VM operation: RevokeBias
Event: 64287.692 Executing VM operation: RevokeBias done
Event: 64287.692 Thread 0x000000001f052000 Thread exited: 0x000000001f052000
Event: 64291.148 Executing VM operation: RevokeBias
Event: 64291.148 Executing VM operation: RevokeBias done
Event: 64291.149 Executing VM operation: RevokeBias
Event: 64291.149 Executing VM operation: RevokeBias done
Event: 64292.925 Executing VM operation: RedefineClasses
Event: 64292.970 Executing VM operation: RedefineClasses done


Dynamic libraries:
0x000000013f5c0000 - 0x000000013f5f4000 	E:\Java\JDK8\jdk1.8\bin\java.exe
0x0000000076d30000 - 0x0000000076ecf000 	C:\Windows\SYSTEM32\ntdll.dll
0x0000000076c10000 - 0x0000000076d2f000 	C:\Windows\system32\kernel32.dll
0x000007fefcb70000 - 0x000007fefcbda000 	C:\Windows\system32\KERNELBASE.dll
0x000007fefd870000 - 0x000007fefd94b000 	C:\Windows\system32\ADVAPI32.dll
0x000007fefdf90000 - 0x000007fefe02f000 	C:\Windows\system32\msvcrt.dll
0x000007fefda90000 - 0x000007fefdaaf000 	C:\Windows\SYSTEM32\sechost.dll
0x000007fefd960000 - 0x000007fefda8c000 	C:\Windows\system32\RPCRT4.dll
0x0000000076b10000 - 0x0000000076c0a000 	C:\Windows\system32\USER32.dll
0x000007fefd7e0000 - 0x000007fefd847000 	C:\Windows\system32\GDI32.dll
0x000007fefd950000 - 0x000007fefd95e000 	C:\Windows\system32\LPK.dll
0x000007fefde30000 - 0x000007fefdef9000 	C:\Windows\system32\USP10.dll
0x000007fefac90000 - 0x000007fefae84000 	C:\Windows\WinSxS\amd64_microsoft.windows.common-controls_6595b64144ccf1df_6.0.7601.18837_none_fa3b1e3d17594757\COMCTL32.dll
0x000007fefefa0000 - 0x000007feff011000 	C:\Windows\system32\SHLWAPI.dll
0x000007fefd390000 - 0x000007fefd3be000 	C:\Windows\system32\IMM32.DLL
0x000007fefd420000 - 0x000007fefd529000 	C:\Windows\system32\MSCTF.dll
0x00000000719d0000 - 0x00000000719dd000 	F:\??\C:\Program Files (x86)\360\360safe\safemon\SafeWrapper.dll
0x000007fef90d0000 - 0x000007fef91d5000 	C:\Program Files (x86)\360\360safe\safemon\libzdtp64.dll
0x000007fefe030000 - 0x000007fefedb8000 	C:\Windows\system32\SHELL32.dll
0x000007fefc560000 - 0x000007fefc56c000 	C:\Windows\system32\VERSION.dll
0x000007fef90c0000 - 0x000007fef90c3000 	C:\Windows\system32\api-ms-win-core-synch-l1-2-0.DLL
0x000000006ad70000 - 0x000000006ae42000 	E:\Java\JDK8\jdk1.8\jre\bin\msvcr100.dll
0x0000000055e70000 - 0x00000000566ca000 	E:\Java\JDK8\jdk1.8\jre\bin\server\jvm.dll
0x000007fef7e00000 - 0x000007fef7e09000 	C:\Windows\system32\WSOCK32.dll
0x000007fefcfd0000 - 0x000007fefd01d000 	C:\Windows\system32\WS2_32.dll
0x000007fefdf00000 - 0x000007fefdf08000 	C:\Windows\system32\NSI.dll
0x000007fefa8f0000 - 0x000007fefa92b000 	C:\Windows\system32\WINMM.dll
0x0000000076ee0000 - 0x0000000076ee7000 	C:\Windows\system32\PSAPI.DLL
0x000000006d8f0000 - 0x000000006d8ff000 	E:\Java\JDK8\jdk1.8\jre\bin\verify.dll
0x000000006d210000 - 0x000000006d238000 	E:\Java\JDK8\jdk1.8\jre\bin\java.dll
0x000000006aa10000 - 0x000000006aa45000 	E:\Java\JDK8\jdk1.8\jre\bin\jdwp.dll
0x000000006d4d0000 - 0x000000006d4d8000 	E:\Java\JDK8\jdk1.8\jre\bin\npt.dll
0x000000006aec0000 - 0x000000006aee3000 	E:\Java\JDK8\jdk1.8\jre\bin\instrument.dll
0x000000006d0c0000 - 0x000000006d0d6000 	E:\Java\JDK8\jdk1.8\jre\bin\zip.dll
0x000007fefd180000 - 0x000007fefd383000 	C:\Windows\system32\ole32.dll
0x000007fefcac0000 - 0x000007fefcacf000 	C:\Windows\system32\profapi.dll
0x0000000072d60000 - 0x0000000072d69000 	E:\Java\JDK8\jdk1.8\jre\bin\dt_socket.dll
0x000007fefc1c0000 - 0x000007fefc215000 	C:\Windows\system32\mswsock.dll
0x000007fefbc10000 - 0x000007fefbc17000 	C:\Windows\System32\wshtcpip.dll
0x000000006c5a0000 - 0x000000006c5ba000 	E:\Java\JDK8\jdk1.8\jre\bin\net.dll
0x000007fefc1b0000 - 0x000007fefc1b7000 	C:\Windows\System32\wship6.dll
0x000007fefc040000 - 0x000007fefc09b000 	C:\Windows\system32\DNSAPI.dll
0x000007fefc610000 - 0x000007fefc637000 	C:\Windows\system32\IPHLPAPI.DLL
0x000007fefc570000 - 0x000007fefc57b000 	C:\Windows\system32\WINNSI.DLL
0x000007fef49d0000 - 0x000007fef49d8000 	C:\Windows\system32\rasadhlp.dll
0x000007fefa220000 - 0x000007fefa273000 	C:\Windows\System32\fwpuclnt.dll
0x000000006d1b0000 - 0x000000006d1bd000 	E:\Java\JDK8\jdk1.8\jre\bin\management.dll
0x000000006c310000 - 0x000000006c321000 	E:\Java\JDK8\jdk1.8\jre\bin\nio.dll
0x000007fefc220000 - 0x000007fefc238000 	C:\Windows\system32\CRYPTSP.dll
0x000007fefbf20000 - 0x000007fefbf67000 	C:\Windows\system32\rsaenh.dll
0x000007fefbd30000 - 0x000007fefbd4e000 	C:\Windows\system32\USERENV.dll
0x000007fefc9b0000 - 0x000007fefc9bf000 	C:\Windows\system32\CRYPTBASE.dll
0x000007fefa1b0000 - 0x000007fefa1c1000 	C:\Windows\system32\dhcpcsvc6.DLL
0x000007fefa120000 - 0x000007fefa138000 	C:\Windows\system32\dhcpcsvc.DLL
0x000007fefb9e0000 - 0x000007fefb9f5000 	C:\Windows\system32\NLAapi.dll
0x000007fef0f40000 - 0x000007fef0f55000 	C:\Windows\system32\napinsp.dll
0x000007fef0f00000 - 0x000007fef0f19000 	C:\Windows\system32\pnrpnsp.dll
0x000007fef0ef0000 - 0x000007fef0efb000 	C:\Windows\System32\winrnr.dll
0x000007fef0ee0000 - 0x000007fef0ef0000 	C:\Windows\system32\wshbth.dll
0x000000006ba80000 - 0x000000006baa4000 	E:\Java\JDK8\jdk1.8\jre\bin\sunec.dll
0x000000006aeb0000 - 0x000000006aebb000 	E:\Java\JDK8\jdk1.8\jre\bin\sunmscapi.dll
0x000007fefcca0000 - 0x000007fefce0d000 	C:\Windows\system32\CRYPT32.dll
0x000007fefcb60000 - 0x000007fefcb6f000 	C:\Windows\system32\MSASN1.dll
0x000007fefa470000 - 0x000007fefa595000 	C:\Windows\system32\dbghelp.dll

VM Arguments:
jvm_args: -agentlib:jdwp=transport=dt_socket,address=127.0.0.1:44947,suspend=y,server=n -XX:TieredStopAtLevel=1 -Xverify:none -Dspring.output.ansi.enabled=always -Dcom.sun.management.jmxremote -Dspring.jmx.enabled=true -Dspring.liveBeansView.mbeanDomain -Dspring.application.admin.enabled=true -javaagent:C:\Users\Administrator\AppData\Local\JetBrains\IntelliJIdea2020.1\captureAgent\debugger-agent.jar=file:/C:/Users/Administrator/AppData/Local/Temp/capture.props -Dfile.encoding=UTF-8 
java_command: com.reptile.wuthering.waves.ReptileWutheringWavesApplication
java_class_path (initial): E:\Java\JDK8\jdk1.8\jre\lib\charsets.jar;E:\Java\JDK8\jdk1.8\jre\lib\deploy.jar;E:\Java\JDK8\jdk1.8\jre\lib\ext\access-bridge-64.jar;E:\Java\JDK8\jdk1.8\jre\lib\ext\cldrdata.jar;E:\Java\JDK8\jdk1.8\jre\lib\ext\dnsns.jar;E:\Java\JDK8\jdk1.8\jre\lib\ext\jaccess.jar;E:\Java\JDK8\jdk1.8\jre\lib\ext\jfxrt.jar;E:\Java\JDK8\jdk1.8\jre\lib\ext\localedata.jar;E:\Java\JDK8\jdk1.8\jre\lib\ext\nashorn.jar;E:\Java\JDK8\jdk1.8\jre\lib\ext\sunec.jar;E:\Java\JDK8\jdk1.8\jre\lib\ext\sunjce_provider.jar;E:\Java\JDK8\jdk1.8\jre\lib\ext\sunmscapi.jar;E:\Java\JDK8\jdk1.8\jre\lib\ext\sunpkcs11.jar;E:\Java\JDK8\jdk1.8\jre\lib\ext\zipfs.jar;E:\Java\JDK8\jdk1.8\jre\lib\javaws.jar;E:\Java\JDK8\jdk1.8\jre\lib\jce.jar;E:\Java\JDK8\jdk1.8\jre\lib\jfr.jar;E:\Java\JDK8\jdk1.8\jre\lib\jfxswt.jar;E:\Java\JDK8\jdk1.8\jre\lib\jsse.jar;E:\Java\JDK8\jdk1.8\jre\lib\management-agent.jar;E:\Java\JDK8\jdk1.8\jre\lib\plugin.jar;E:\Java\JDK8\jdk1.8\jre\lib\resources.jar;E:\Java\JDK8\jdk1.8\jre\lib\rt.jar;F:\yk\reptile-wuthering-waves-main\target\classes;C:\Users\Administrator\.m2\repository\org\springframework\boot\spring-boot-starter-web\2.7.18\spring-boot-starter-web-2.7.18.jar;C:\Users\Administrator\.m2\repository\org\springframework\boot\spring-boot-starter\2.7.18\spring-boot-starter-2.7.18.jar;C:\Users\Administrator\.m2\repository\org\springframework\boot\spring-boot\2.7.18\spring-boot-2.7.18.jar;C:\Users\Administrator\.m2\repository\org\springframework\boot\spring-boot-starter-logging\2.7.18\spring-boot-starter-logging-2.7.18.jar;C:\Users\Administrator\.m2\repository\ch\qos\logback\logback-classic\1.2.12\logback-classic-1.2.12.jar;C:\Users\Administrator\.m2\repository\ch\qos\logback\logback-core\1.2.12\logback-core-1.2.12.jar;C:\Users\Administrator\.m2\repository\org\apache\logging\log4j\log4j-to-slf4j\2.17.2\log4j-to-slf4j-2.17.2.jar;C:\Users\Administrator\.m2\repository\org\apache\logging\log4j\log4j-api\2.17.2\log4j-api-2.17.2.jar;C:\Users\Administrator\.m2\repository\or
Launcher Type: SUN_STANDARD

Environment Variables:
JAVA_HOME=E:\Java\JDK8\jdk1.8
CLASSPATH=.;E:\Java\JDK8\jdk1.8\lib;E:\Java\JDK8\jdk1.8\lib\tools.jar;F:\springcloud\middleware\apachejmeter\apache-jmeter-5.4.1\lib\ext\ApacheJMeter_core.jar;F:\springcloud\middleware\apachejmeter\apache-jmeter-5.4.1\lib\jorphan.jar
PATH=F:\yk\学习\影刀;C:\Program Files (x86)\Common Files\Oracle\Java\javapath;F:\xftp\;F:\xsheel\;E:\mysql\mysql-5.7.22-winx64\bin;E:\Java\JDK8\jdk1.8\bin;E:\Java\JDK8\jdk1.8\jre\bin;C:\Windows\system32;C:\Windows;C:\Windows\System32\Wbem;C:\Windows\System32\WindowsPowerShell\v1.0\;C:\Program Files (x86)\Microsoft SQL Server\80\Tools\Binn\;E:\tools\sqlserver\Microsoft SQL Server (x86)\90\DTS\Binn\;E:\tools\sqlserver\Microsoft SQL Server (x86)\90\Tools\binn\;E:\tools\sqlserver\Microsoft SQL Server (x86)\90\Tools\Binn\VSShell\Common7\IDE\;C:\Program Files (x86)\Microsoft Visual Studio 8\Common7\IDE\PrivateAssemblies\;F:\apachemaven\bin;E:\apache-tomcat-8.5.31\bin;E:\apache-tomcat-8.5.31\lib;C:\Program Files\VideoLAN\VLC;C:\Program Files\TortoiseSVN\bin;F:\groovy-2.5.2\bin;C:\strawberry\c\bin;C:\strawberry\perl\bin;C:\gitDB\TortoiseGit\bin;C:\Program Files\Git\cmd;C:\Program Files\dotnet\;C:\Program Files\Microsoft SQL Server\130\Tools\Binn\;C:\Program Files\Microsoft SQL Server\Client SDK\ODBC\170\Tools\Binn\;C:\Windows/system32;C:\Windows;E:\wxkaifa\微信web开发者工具\dll;E:\node\nodejs\;F:\nginx-1.12.2\bin;F:\yk\学习\影刀;C:\Users\Administrator\AppData\Local\Programs\Python\Python37-32\Scripts\;C:\Users\Administrator\AppData\Local\Programs\Python\Python37-32\;C:\Users\Administrator\AppData\Local\GitHubDesktop\bin;F:\yk\code\vs\Microsoft VS Code\bin;F:\docker\Docker Toolbox;E:\wxkaifa\微信web开发者工具\dll;E:\node\nodejs;E:\node\nodejs\node_global\;
USERNAME=Administrator
OS=Windows_NT
PROCESSOR_IDENTIFIER=Intel64 Family 6 Model 60 Stepping 3, GenuineIntel



---------------  S Y S T E M  ---------------

OS: Windows 7 , 64 bit Build 7601 Service Pack 1

CPU:total 4 (4 cores per cpu, 1 threads per core) family 6 model 60 stepping 3, cmov, cx8, fxsr, mmx, sse, sse2, sse3, ssse3, sse4.1, sse4.2, popcnt, avx, avx2, aes, clmul, erms, lzcnt, tsc, tscinvbit, bmi1, bmi2

Memory: 4k page, physical 16674892k(3478752k free), swap 33347880k(4622464k free)

vm_info: Java HotSpot(TM) 64-Bit Server VM (25.31-b07) for windows-amd64 JRE (1.8.0_31-b13), built on Dec 17 2014 21:00:28 by "java_re" with MS VC++ 10.0 (VS2010)

time: Thu Feb 20 11:26:00 2025
elapsed time: 64293 seconds (0d 17h 51m 33s)

