#
# A fatal error has been detected by the Java Runtime Environment:
#
#  EXCEPTION_ACCESS_VIOLATION (0xc0000005) at pc=0x000000005600a590, pid=12428, tid=10760
#
# JRE version: Java(TM) SE Runtime Environment (8.0_31-b13) (build 1.8.0_31-b13)
# Java VM: Java HotSpot(TM) 64-Bit Server VM (25.31-b07 mixed mode windows-amd64 compressed oops)
# Problematic frame:
# V  [jvm.dll+0x19a590]
#
# Failed to write core dump. Minidumps are not enabled by default on client versions of Windows
#
# If you would like to submit a bug report, please visit:
#   http://bugreport.java.com/bugreport/crash.jsp
#

---------------  T H R E A D  ---------------

Current thread (0x000000001c28e800):  JavaThread "JDWP Transport Listener: dt_socket" daemon [_thread_in_vm, id=10760, stack(0x000000001de00000,0x000000001df00000)]

siginfo: ExceptionCode=0xc0000005, writing address 0x000000005c807010

Registers:
RAX=0x000000001e5990d8, RBX=0x0000000007080800, RCX=0x000000001d42d7d0, RDX=0x0000000000000001
RSP=0x000000001deff010, RBP=0x000000001deff158, RSI=0x00000007c02c7688, RDI=0x000000000000000b
R8 =0x000000001d42b270, R9 =0x0000000000000001, R10=0x0000000000000000, R11=0x000000001e5990d8
R12=0x0000000024403010, R13=0x000000001deff110, R14=0x000000001deff158, R15=0x000000000000000d
RIP=0x000000005600a590, EFLAGS=0x0000000000010202

Top of Stack: (sp=0x000000001deff010)
0x000000001deff010:   0000000007080800 000000001deff158
0x000000001deff020:   00000007c02c7688 00000007c02c7688
0x000000001deff030:   000000001c28e800 000000001d4256c0
0x000000001deff040:   000000001c28fe70 000000001c28fe80
0x000000001deff050:   000000001c28ff58 00000000000000d8
0x000000001deff060:   000000001deff430 00000000560d54f4
0x000000001deff070:   0000000000000000 0000000000000000
0x000000001deff080:   000000001c28f588 00000006c1ef26f8
0x000000001deff090:   000000001c28e800 000000005619b983
0x000000001deff0a0:   000000001deff158 000000001deff110
0x000000001deff0b0:   000000000025ab20 000000006aa26c02
0x000000001deff0c0:   000000001c28e800 0000000000000000
0x000000001deff0d0:   0000000000000000 0000000000000000
0x000000001deff0e0:   0000000000000000 000000006aa1551f
0x000000001deff0f0:   000000001deff1a0 0000000000000001
0x000000001deff100:   000000001e45da30 000000001deff1d0 

Instructions: (pc=0x000000005600a590)
0x000000005600a570:   48 8b 8e 80 01 00 00 48 8b 86 a0 01 00 00 48 8b
0x000000005600a580:   4c f9 08 48 63 5c b8 04 e8 f3 58 ef ff 48 ff c7
0x000000005600a590:   49 89 04 dc 49 3b ff 7c d7 eb 23 45 85 ff 7e 1e
0x000000005600a5a0:   48 8b 86 80 01 00 00 48 8b 4c f8 08 e8 cf 58 ef 


Register to memory mapping:

RAX=0x000000001e5990d8 is an unknown value
RBX=0x0000000007080800 is an unknown value
RCX=0x000000001d42d7d0 is an unknown value
RDX=0x0000000000000001 is an unknown value
RSP=0x000000001deff010 is pointing into the stack for thread: 0x000000001c28e800
RBP=0x000000001deff158 is pointing into the stack for thread: 0x000000001c28e800
RSI=0x00000007c02c7688 is pointing into metadata
RDI=0x000000000000000b is an unknown value
R8 =0x000000001d42b270 is an unknown value
R9 =0x0000000000000001 is an unknown value
R10=0x0000000000000000 is an unknown value
R11=0x000000001e5990d8 is an unknown value
R12=0x0000000024403010 is an unknown value
R13=0x000000001deff110 is pointing into the stack for thread: 0x000000001c28e800
R14=0x000000001deff158 is pointing into the stack for thread: 0x000000001c28e800
R15=0x000000000000000d is an unknown value


Stack: [0x000000001de00000,0x000000001df00000],  sp=0x000000001deff010,  free space=1020k
Native frames: (J=compiled Java code, j=interpreted, Vv=VM code, C=native code)
V  [jvm.dll+0x19a590]
V  [jvm.dll+0x32b983]
C  [jdwp.dll+0x551f]
C  [jdwp.dll+0xf09c]
C  [jdwp.dll+0x1f2c9]
C  [jdwp.dll+0x1f49e]
V  [jvm.dll+0x1ac128]
V  [jvm.dll+0x22c194]
V  [jvm.dll+0x28576a]
C  [msvcr100.dll+0x21d9f]
C  [msvcr100.dll+0x21e3b]
C  [kernel32.dll+0x1570d]
C  [ntdll.dll+0x5385d]


---------------  P R O C E S S  ---------------

Java Threads: ( => current thread )
  0x000000001ea3d000 JavaThread "HikariPool-1 housekeeper" daemon [_thread_blocked, id=21508, stack(0x00000000252f0000,0x00000000253f0000)]
  0x000000002100d800 JavaThread "DestroyJavaVM" [_thread_blocked, id=16656, stack(0x0000000002800000,0x0000000002900000)]
  0x000000002100d000 JavaThread "scheduling-1" [_thread_blocked, id=12304, stack(0x0000000023db0000,0x0000000023eb0000)]
  0x000000002100c000 JavaThread "http-nio-8080-Acceptor" daemon [_thread_in_native, id=19952, stack(0x0000000023c30000,0x0000000023d30000)]
  0x000000002100b800 JavaThread "http-nio-8080-Poller" daemon [_thread_in_native, id=14956, stack(0x0000000023500000,0x0000000023600000)]
  0x000000002100a800 JavaThread "http-nio-8080-exec-10" daemon [_thread_blocked, id=4312, stack(0x0000000023980000,0x0000000023a80000)]
  0x000000002100a000 JavaThread "http-nio-8080-exec-9" daemon [_thread_blocked, id=12884, stack(0x000000001f210000,0x000000001f310000)]
  0x0000000021009000 JavaThread "http-nio-8080-exec-8" daemon [_thread_blocked, id=17984, stack(0x0000000023820000,0x0000000023920000)]
  0x0000000021008800 JavaThread "http-nio-8080-exec-7" daemon [_thread_blocked, id=3452, stack(0x0000000023630000,0x0000000023730000)]
  0x0000000021007800 JavaThread "http-nio-8080-exec-6" daemon [_thread_blocked, id=18308, stack(0x00000000233e0000,0x00000000234e0000)]
  0x0000000021007000 JavaThread "http-nio-8080-exec-5" daemon [_thread_blocked, id=19508, stack(0x0000000023290000,0x0000000023390000)]
  0x0000000021006000 JavaThread "http-nio-8080-exec-4" daemon [_thread_blocked, id=4288, stack(0x0000000023040000,0x0000000023140000)]
  0x0000000021005800 JavaThread "http-nio-8080-exec-3" daemon [_thread_blocked, id=7396, stack(0x0000000023180000,0x0000000023280000)]
  0x0000000021003800 JavaThread "http-nio-8080-exec-2" daemon [_thread_blocked, id=6564, stack(0x0000000022f40000,0x0000000023040000)]
  0x0000000021003000 JavaThread "http-nio-8080-exec-1" daemon [_thread_blocked, id=20444, stack(0x0000000022db0000,0x0000000022eb0000)]
  0x0000000020ccc000 JavaThread "lettuce-timer-3-1" daemon [_thread_blocked, id=8076, stack(0x0000000022a30000,0x0000000022b30000)]
  0x0000000020a5e800 JavaThread "mysql-cj-abandoned-connection-cleanup" daemon [_thread_blocked, id=9448, stack(0x00000000210c0000,0x00000000211c0000)]
  0x00000000209bf000 JavaThread "container-0" [_thread_blocked, id=16112, stack(0x0000000022080000,0x0000000022180000)]
  0x00000000209bb000 JavaThread "Catalina-utility-2" [_thread_blocked, id=8520, stack(0x0000000021e90000,0x0000000021f90000)]
  0x00000000207fe800 JavaThread "Catalina-utility-1" [_thread_blocked, id=20920, stack(0x0000000021ca0000,0x0000000021da0000)]
  0x0000000020154000 JavaThread "RMI Scheduler(0)" daemon [_thread_blocked, id=21484, stack(0x000000001fe70000,0x000000001ff70000)]
  0x000000001e5c9000 JavaThread "RMI TCP Accept-0" daemon [_thread_in_native, id=10476, stack(0x000000001f350000,0x000000001f450000)]
  0x000000001e451000 JavaThread "Service Thread" daemon [_thread_blocked, id=6124, stack(0x000000001ed00000,0x000000001ee00000)]
  0x000000001d7ad000 JavaThread "C1 CompilerThread2" daemon [_thread_blocked, id=13100, stack(0x000000001e320000,0x000000001e420000)]
  0x000000001d7ab800 JavaThread "C2 CompilerThread1" daemon [_thread_blocked, id=17964, stack(0x000000001df80000,0x000000001e080000)]
  0x000000001d797800 JavaThread "C2 CompilerThread0" daemon [_thread_blocked, id=20676, stack(0x000000001e1b0000,0x000000001e2b0000)]
  0x000000001d436000 JavaThread "JDWP Command Reader" daemon [_thread_in_native, id=2160, stack(0x000000001e0b0000,0x000000001e1b0000)]
  0x000000001d435000 JavaThread "JDWP Event Helper Thread" daemon [_thread_blocked, id=7640, stack(0x000000001dc80000,0x000000001dd80000)]
=>0x000000001c28e800 JavaThread "JDWP Transport Listener: dt_socket" daemon [_thread_in_vm, id=10760, stack(0x000000001de00000,0x000000001df00000)]
  0x000000001d417800 JavaThread "Attach Listener" daemon [_thread_blocked, id=11328, stack(0x000000001db70000,0x000000001dc70000)]
  0x000000001d416800 JavaThread "Signal Dispatcher" daemon [_thread_blocked, id=18916, stack(0x000000001d900000,0x000000001da00000)]
  0x000000001c228000 JavaThread "Finalizer" daemon [_thread_blocked, id=8860, stack(0x000000001d0b0000,0x000000001d1b0000)]
  0x000000001c225000 JavaThread "Reference Handler" daemon [_thread_blocked, id=5320, stack(0x000000001d300000,0x000000001d400000)]

Other Threads:
  0x000000001c221800 VMThread [stack: 0x000000001d1e0000,0x000000001d2e0000] [id=1508]
  0x000000001e617800 WatcherThread [stack: 0x000000001d800000,0x000000001d900000] [id=18164]

VM state:not at safepoint (normal execution)

VM Mutex/Monitor currently owned by a thread: None

Heap:
 PSYoungGen      total 375808K, used 38649K [0x000000076b300000, 0x0000000784280000, 0x00000007c0000000)
  eden space 359424K, 6% used [0x000000076b300000,0x000000076c8d0ad0,0x0000000781200000)
  from space 16384K, 99% used [0x0000000783280000,0x000000078426da98,0x0000000784280000)
  to   space 21504K, 0% used [0x0000000781880000,0x0000000781880000,0x0000000782d80000)
 ParOldGen       total 107008K, used 19676K [0x00000006c1800000, 0x00000006c8080000, 0x000000076b300000)
  object space 107008K, 18% used [0x00000006c1800000,0x00000006c2b37230,0x00000006c8080000)
 Metaspace       used 50054K, capacity 53250K, committed 53504K, reserved 1095680K
  class space    used 6516K, capacity 7108K, committed 7168K, reserved 1048576K

Card table byte_map: [0x0000000011cc0000,0x00000000124c0000] byte_map_base: 0x000000000e6b4000

Marking Bits: (ParMarkBitMap*) 0x000000005664d4f0
 Begin Bits: [0x0000000013150000, 0x00000000170f0000)
 End Bits:   [0x00000000170f0000, 0x000000001b090000)

Polling page: 0x0000000000240000

CodeCache: size=245760Kb used=11618Kb max_used=11618Kb free=234142Kb
 bounds [0x0000000002900000, 0x0000000003460000, 0x0000000011900000]
 total_blobs=6371 nmethods=5830 adapters=462
 compilation: enabled

Compilation events (10 events):
Event: 687.874 Thread 0x000000001d7ad000 5942       1       org.apache.ibatis.executor.ErrorContext::activity (7 bytes)
Event: 687.874 Thread 0x000000001d7ad000 nmethod 5942 0x0000000003458090 code [0x00000000034581e0, 0x0000000003458310]
Event: 687.874 Thread 0x000000001d7ad000 5943       1       org.apache.ibatis.executor.ErrorContext::object (7 bytes)
Event: 687.874 Thread 0x000000001d7ad000 nmethod 5943 0x0000000003458390 code [0x00000000034584e0, 0x0000000003458610]
Event: 687.875 Thread 0x000000001d7ad000 5944   !   1       com.mysql.cj.protocol.a.NativeProtocol::sendCommand (456 bytes)
Event: 687.876 Thread 0x000000001d7ad000 nmethod 5944 0x0000000003458690 code [0x00000000034589a0, 0x00000000034594c8]
Event: 687.876 Thread 0x000000001d7ad000 5945       1       com.mysql.cj.protocol.a.MultiPacketReader::resetMessageSequence (10 bytes)
Event: 687.876 Thread 0x000000001d7ad000 nmethod 5945 0x000000000345a610 code [0x000000000345a760, 0x000000000345a8a8]
Event: 687.876 Thread 0x000000001d7ad000 5946       1       com.mysql.cj.protocol.a.result.OkPacket::parse (94 bytes)
Event: 687.877 Thread 0x000000001d7ad000 nmethod 5946 0x000000000345a910 code [0x000000000345aac0, 0x000000000345ade8]

GC Heap History (10 events):
Event: 4.040 GC heap before
{Heap before GC invocations=6 (full 1):
 PSYoungGen      total 126464K, used 126379K [0x000000076b300000, 0x0000000774380000, 0x00000007c0000000)
  eden space 120320K, 100% used [0x000000076b300000,0x0000000772880000,0x0000000772880000)
  from space 6144K, 98% used [0x0000000773d80000,0x000000077436ac48,0x0000000774380000)
  to   space 10752K, 0% used [0x0000000772e80000,0x0000000772e80000,0x0000000773900000)
 ParOldGen       total 80896K, used 5750K [0x00000006c1800000, 0x00000006c6700000, 0x000000076b300000)
  object space 80896K, 7% used [0x00000006c1800000,0x00000006c1d9d8f8,0x00000006c6700000)
 Metaspace       used 31875K, capacity 33868K, committed 34176K, reserved 1079296K
  class space    used 4234K, capacity 4630K, committed 4736K, reserved 1048576K
Event: 4.054 GC heap after
Heap after GC invocations=6 (full 1):
 PSYoungGen      total 137216K, used 10721K [0x000000076b300000, 0x000000077a400000, 0x00000007c0000000)
  eden space 126464K, 0% used [0x000000076b300000,0x000000076b300000,0x0000000772e80000)
  from space 10752K, 99% used [0x0000000772e80000,0x00000007738f8468,0x0000000773900000)
  to   space 15360K, 0% used [0x0000000779500000,0x0000000779500000,0x000000077a400000)
 ParOldGen       total 80896K, used 8498K [0x00000006c1800000, 0x00000006c6700000, 0x000000076b300000)
  object space 80896K, 10% used [0x00000006c1800000,0x00000006c204caa8,0x00000006c6700000)
 Metaspace       used 31875K, capacity 33868K, committed 34176K, reserved 1079296K
  class space    used 4234K, capacity 4630K, committed 4736K, reserved 1048576K
}
Event: 4.125 GC heap before
{Heap before GC invocations=7 (full 1):
 PSYoungGen      total 137216K, used 20156K [0x000000076b300000, 0x000000077a400000, 0x00000007c0000000)
  eden space 126464K, 7% used [0x000000076b300000,0x000000076bc36ee0,0x0000000772e80000)
  from space 10752K, 99% used [0x0000000772e80000,0x00000007738f8468,0x0000000773900000)
  to   space 15360K, 0% used [0x0000000779500000,0x0000000779500000,0x000000077a400000)
 ParOldGen       total 80896K, used 8498K [0x00000006c1800000, 0x00000006c6700000, 0x000000076b300000)
  object space 80896K, 10% used [0x00000006c1800000,0x00000006c204caa8,0x00000006c6700000)
 Metaspace       used 33371K, capacity 35374K, committed 35416K, reserved 1079296K
  class space    used 4440K, capacity 4823K, committed 4864K, reserved 1048576K
Event: 4.133 GC heap after
Heap after GC invocations=7 (full 1):
 PSYoungGen      total 232448K, used 7479K [0x000000076b300000, 0x000000077b000000, 0x00000007c0000000)
  eden space 217088K, 0% used [0x000000076b300000,0x000000076b300000,0x0000000778700000)
  from space 15360K, 48% used [0x0000000779500000,0x0000000779c4dfe0,0x000000077a400000)
  to   space 14336K, 0% used [0x0000000778700000,0x0000000778700000,0x0000000779500000)
 ParOldGen       total 80896K, used 8570K [0x00000006c1800000, 0x00000006c6700000, 0x000000076b300000)
  object space 80896K, 10% used [0x00000006c1800000,0x00000006c205eab8,0x00000006c6700000)
 Metaspace       used 33371K, capacity 35374K, committed 35416K, reserved 1079296K
  class space    used 4440K, capacity 4823K, committed 4864K, reserved 1048576K
}
Event: 4.133 GC heap before
{Heap before GC invocations=8 (full 2):
 PSYoungGen      total 232448K, used 7479K [0x000000076b300000, 0x000000077b000000, 0x00000007c0000000)
  eden space 217088K, 0% used [0x000000076b300000,0x000000076b300000,0x0000000778700000)
  from space 15360K, 48% used [0x0000000779500000,0x0000000779c4dfe0,0x000000077a400000)
  to   space 14336K, 0% used [0x0000000778700000,0x0000000778700000,0x0000000779500000)
 ParOldGen       total 80896K, used 8570K [0x00000006c1800000, 0x00000006c6700000, 0x000000076b300000)
  object space 80896K, 10% used [0x00000006c1800000,0x00000006c205eab8,0x00000006c6700000)
 Metaspace       used 33371K, capacity 35374K, committed 35416K, reserved 1079296K
  class space    used 4440K, capacity 4823K, committed 4864K, reserved 1048576K
Event: 4.183 GC heap after
Heap after GC invocations=8 (full 2):
 PSYoungGen      total 232448K, used 0K [0x000000076b300000, 0x000000077b000000, 0x00000007c0000000)
  eden space 217088K, 0% used [0x000000076b300000,0x000000076b300000,0x0000000778700000)
  from space 15360K, 0% used [0x0000000779500000,0x0000000779500000,0x000000077a400000)
  to   space 14336K, 0% used [0x0000000778700000,0x0000000778700000,0x0000000779500000)
 ParOldGen       total 107008K, used 12644K [0x00000006c1800000, 0x00000006c8080000, 0x000000076b300000)
  object space 107008K, 11% used [0x00000006c1800000,0x00000006c2459210,0x00000006c8080000)
 Metaspace       used 33369K, capacity 35372K, committed 35416K, reserved 1079296K
  class space    used 4440K, capacity 4822K, committed 4864K, reserved 1048576K
}
Event: 9.495 GC heap before
{Heap before GC invocations=9 (full 2):
 PSYoungGen      total 232448K, used 217088K [0x000000076b300000, 0x000000077b000000, 0x00000007c0000000)
  eden space 217088K, 100% used [0x000000076b300000,0x0000000778700000,0x0000000778700000)
  from space 15360K, 0% used [0x0000000779500000,0x0000000779500000,0x000000077a400000)
  to   space 14336K, 0% used [0x0000000778700000,0x0000000778700000,0x0000000779500000)
 ParOldGen       total 107008K, used 12644K [0x00000006c1800000, 0x00000006c8080000, 0x000000076b300000)
  object space 107008K, 11% used [0x00000006c1800000,0x00000006c2459210,0x00000006c8080000)
 Metaspace       used 49478K, capacity 52428K, committed 52608K, reserved 1095680K
  class space    used 6433K, capacity 6979K, committed 7040K, reserved 1048576K
Event: 9.512 GC heap after
Heap after GC invocations=9 (full 2):
 PSYoungGen      total 231424K, used 14330K [0x000000076b300000, 0x0000000784600000, 0x00000007c0000000)
  eden space 217088K, 0% used [0x000000076b300000,0x000000076b300000,0x0000000778700000)
  from space 14336K, 99% used [0x0000000778700000,0x00000007794feb18,0x0000000779500000)
  to   space 19968K, 0% used [0x0000000783280000,0x0000000783280000,0x0000000784600000)
 ParOldGen       total 107008K, used 19660K [0x00000006c1800000, 0x00000006c8080000, 0x000000076b300000)
  object space 107008K, 18% used [0x00000006c1800000,0x00000006c2b33230,0x00000006c8080000)
 Metaspace       used 49478K, capacity 52428K, committed 52608K, reserved 1095680K
  class space    used 6433K, capacity 6979K, committed 7040K, reserved 1048576K
}
Event: 647.806 GC heap before
{Heap before GC invocations=10 (full 2):
 PSYoungGen      total 231424K, used 231418K [0x000000076b300000, 0x0000000784600000, 0x00000007c0000000)
  eden space 217088K, 100% used [0x000000076b300000,0x0000000778700000,0x0000000778700000)
  from space 14336K, 99% used [0x0000000778700000,0x00000007794feb18,0x0000000779500000)
  to   space 19968K, 0% used [0x0000000783280000,0x0000000783280000,0x0000000784600000)
 ParOldGen       total 107008K, used 19660K [0x00000006c1800000, 0x00000006c8080000, 0x000000076b300000)
  object space 107008K, 18% used [0x00000006c1800000,0x00000006c2b33230,0x00000006c8080000)
 Metaspace       used 50014K, capacity 53186K, committed 53248K, reserved 1095680K
  class space    used 6515K, capacity 7108K, committed 7168K, reserved 1048576K
Event: 647.824 GC heap after
Heap after GC invocations=10 (full 2):
 PSYoungGen      total 375808K, used 16310K [0x000000076b300000, 0x0000000784280000, 0x00000007c0000000)
  eden space 359424K, 0% used [0x000000076b300000,0x000000076b300000,0x0000000781200000)
  from space 16384K, 99% used [0x0000000783280000,0x000000078426da98,0x0000000784280000)
  to   space 21504K, 0% used [0x0000000781880000,0x0000000781880000,0x0000000782d80000)
 ParOldGen       total 107008K, used 19676K [0x00000006c1800000, 0x00000006c8080000, 0x000000076b300000)
  object space 107008K, 18% used [0x00000006c1800000,0x00000006c2b37230,0x00000006c8080000)
 Metaspace       used 50014K, capacity 53186K, committed 53248K, reserved 1095680K
  class space    used 6515K, capacity 7108K, committed 7168K, reserved 1048576K
}

Deoptimization events (0 events):
No events

Internal exceptions (10 events):
Event: 127.567 Thread 0x000000002100d000 Exception <a 'java/security/PrivilegedActionException'> (0x000000076dff7708) thrown at [C:\workspace\8-2-build-windows-amd64-cygwin\jdk8u31\2394\hotspot\src\share\vm\prims\jvm.cpp, line 1312]
Event: 127.567 Thread 0x000000002100d000 Exception <a 'java/security/PrivilegedActionException'> (0x000000076e002dd0) thrown at [C:\workspace\8-2-build-windows-amd64-cygwin\jdk8u31\2394\hotspot\src\share\vm\prims\jvm.cpp, line 1312]
Event: 127.568 Thread 0x000000002100d000 Exception <a 'java/security/PrivilegedActionException'> (0x000000076e0077c0) thrown at [C:\workspace\8-2-build-windows-amd64-cygwin\jdk8u31\2394\hotspot\src\share\vm\prims\jvm.cpp, line 1312]
Event: 127.568 Thread 0x000000002100d000 Exception <a 'java/security/PrivilegedActionException'> (0x000000076e00f9f0) thrown at [C:\workspace\8-2-build-windows-amd64-cygwin\jdk8u31\2394\hotspot\src\share\vm\prims\jvm.cpp, line 1312]
Event: 127.569 Thread 0x000000002100d000 Exception <a 'java/security/PrivilegedActionException'> (0x000000076e01ab90) thrown at [C:\workspace\8-2-build-windows-amd64-cygwin\jdk8u31\2394\hotspot\src\share\vm\prims\jvm.cpp, line 1312]
Event: 127.569 Thread 0x000000002100d000 Exception <a 'java/security/PrivilegedActionException'> (0x000000076e02a4d0) thrown at [C:\workspace\8-2-build-windows-amd64-cygwin\jdk8u31\2394\hotspot\src\share\vm\prims\jvm.cpp, line 1312]
Event: 127.570 Thread 0x000000002100d000 Exception <a 'java/security/PrivilegedActionException'> (0x000000076e02fc28) thrown at [C:\workspace\8-2-build-windows-amd64-cygwin\jdk8u31\2394\hotspot\src\share\vm\prims\jvm.cpp, line 1312]
Event: 168.865 Thread 0x000000002100d000 Exception <a 'java/net/SocketTimeoutException': Read timed out> (0x000000076f20a470) thrown at [C:\workspace\8-2-build-windows-amd64-cygwin\jdk8u31\2394\hotspot\src\share\vm\prims\jni.cpp, line 742]
Event: 248.332 Thread 0x000000002100d000 Exception <a 'java/net/SocketTimeoutException': Read timed out> (0x00000007710caff8) thrown at [C:\workspace\8-2-build-windows-amd64-cygwin\jdk8u31\2394\hotspot\src\share\vm\prims\jni.cpp, line 742]
Event: 368.057 Thread 0x000000002100d000 Exception <a 'java/net/SocketTimeoutException': Read timed out> (0x0000000773875108) thrown at [C:\workspace\8-2-build-windows-amd64-cygwin\jdk8u31\2394\hotspot\src\share\vm\prims\jni.cpp, line 742]

Events (10 events):
Event: 690.909 Thread 0x000000001ea3c800 DEOPT UNPACKING pc=0x00000000029475bf sp=0x000000002006ecd8 mode 1
Event: 690.909 Thread 0x000000001ea3c800 DEOPT PACKING pc=0x000000000327c9cc sp=0x000000002006ef20
Event: 690.909 Thread 0x000000001ea3c800 DEOPT UNPACKING pc=0x00000000029475bf sp=0x000000002006ecd8 mode 1
Event: 690.909 Executing VM operation: RevokeBias
Event: 690.909 Executing VM operation: RevokeBias done
Event: 690.909 Thread 0x000000001ea3c800 Thread exited: 0x000000001ea3c800
Event: 694.719 Executing VM operation: ChangeBreakpoints
Event: 694.719 Executing VM operation: ChangeBreakpoints done
Event: 694.733 Executing VM operation: RedefineClasses
Event: 694.760 Executing VM operation: RedefineClasses done


Dynamic libraries:
0x000000013f5c0000 - 0x000000013f5f4000 	E:\Java\JDK8\jdk1.8\bin\java.exe
0x0000000076d30000 - 0x0000000076ecf000 	C:\Windows\SYSTEM32\ntdll.dll
0x0000000076c10000 - 0x0000000076d2f000 	C:\Windows\system32\kernel32.dll
0x000007fefcb70000 - 0x000007fefcbda000 	C:\Windows\system32\KERNELBASE.dll
0x000007fefd870000 - 0x000007fefd94b000 	C:\Windows\system32\ADVAPI32.dll
0x000007fefdf90000 - 0x000007fefe02f000 	C:\Windows\system32\msvcrt.dll
0x000007fefda90000 - 0x000007fefdaaf000 	C:\Windows\SYSTEM32\sechost.dll
0x000007fefd960000 - 0x000007fefda8c000 	C:\Windows\system32\RPCRT4.dll
0x0000000076b10000 - 0x0000000076c0a000 	C:\Windows\system32\USER32.dll
0x000007fefd7e0000 - 0x000007fefd847000 	C:\Windows\system32\GDI32.dll
0x000007fefd950000 - 0x000007fefd95e000 	C:\Windows\system32\LPK.dll
0x000007fefde30000 - 0x000007fefdef9000 	C:\Windows\system32\USP10.dll
0x000007fefac90000 - 0x000007fefae84000 	C:\Windows\WinSxS\amd64_microsoft.windows.common-controls_6595b64144ccf1df_6.0.7601.18837_none_fa3b1e3d17594757\COMCTL32.dll
0x000007fefefa0000 - 0x000007feff011000 	C:\Windows\system32\SHLWAPI.dll
0x000007fefd390000 - 0x000007fefd3be000 	C:\Windows\system32\IMM32.DLL
0x000007fefd420000 - 0x000007fefd529000 	C:\Windows\system32\MSCTF.dll
0x00000000719d0000 - 0x00000000719dd000 	F:\??\C:\Program Files (x86)\360\360safe\safemon\SafeWrapper.dll
0x000007fef90d0000 - 0x000007fef91d5000 	C:\Program Files (x86)\360\360safe\safemon\libzdtp64.dll
0x000007fefe030000 - 0x000007fefedb8000 	C:\Windows\system32\SHELL32.dll
0x000007fefc560000 - 0x000007fefc56c000 	C:\Windows\system32\VERSION.dll
0x000007fef90c0000 - 0x000007fef90c3000 	C:\Windows\system32\api-ms-win-core-synch-l1-2-0.DLL
0x000000006ad70000 - 0x000000006ae42000 	E:\Java\JDK8\jdk1.8\jre\bin\msvcr100.dll
0x0000000055e70000 - 0x00000000566ca000 	E:\Java\JDK8\jdk1.8\jre\bin\server\jvm.dll
0x000007fef7e00000 - 0x000007fef7e09000 	C:\Windows\system32\WSOCK32.dll
0x000007fefcfd0000 - 0x000007fefd01d000 	C:\Windows\system32\WS2_32.dll
0x000007fefdf00000 - 0x000007fefdf08000 	C:\Windows\system32\NSI.dll
0x000007fefa8f0000 - 0x000007fefa92b000 	C:\Windows\system32\WINMM.dll
0x0000000076ee0000 - 0x0000000076ee7000 	C:\Windows\system32\PSAPI.DLL
0x000000006d8f0000 - 0x000000006d8ff000 	E:\Java\JDK8\jdk1.8\jre\bin\verify.dll
0x000000006d210000 - 0x000000006d238000 	E:\Java\JDK8\jdk1.8\jre\bin\java.dll
0x000000006aa10000 - 0x000000006aa45000 	E:\Java\JDK8\jdk1.8\jre\bin\jdwp.dll
0x000000006d4d0000 - 0x000000006d4d8000 	E:\Java\JDK8\jdk1.8\jre\bin\npt.dll
0x000000006aec0000 - 0x000000006aee3000 	E:\Java\JDK8\jdk1.8\jre\bin\instrument.dll
0x000000006d0c0000 - 0x000000006d0d6000 	E:\Java\JDK8\jdk1.8\jre\bin\zip.dll
0x000007fefd180000 - 0x000007fefd383000 	C:\Windows\system32\ole32.dll
0x000007fefcac0000 - 0x000007fefcacf000 	C:\Windows\system32\profapi.dll
0x0000000072d60000 - 0x0000000072d69000 	E:\Java\JDK8\jdk1.8\jre\bin\dt_socket.dll
0x000007fefc1c0000 - 0x000007fefc215000 	C:\Windows\system32\mswsock.dll
0x000007fefbc10000 - 0x000007fefbc17000 	C:\Windows\System32\wshtcpip.dll
0x000000006c5a0000 - 0x000000006c5ba000 	E:\Java\JDK8\jdk1.8\jre\bin\net.dll
0x000007fefc1b0000 - 0x000007fefc1b7000 	C:\Windows\System32\wship6.dll
0x000007fefc040000 - 0x000007fefc09b000 	C:\Windows\system32\DNSAPI.dll
0x000007fefc610000 - 0x000007fefc637000 	C:\Windows\system32\IPHLPAPI.DLL
0x000007fefc570000 - 0x000007fefc57b000 	C:\Windows\system32\WINNSI.DLL
0x000007fef49d0000 - 0x000007fef49d8000 	C:\Windows\system32\rasadhlp.dll
0x000007fefa220000 - 0x000007fefa273000 	C:\Windows\System32\fwpuclnt.dll
0x000000006d1b0000 - 0x000000006d1bd000 	E:\Java\JDK8\jdk1.8\jre\bin\management.dll
0x000000006c310000 - 0x000000006c321000 	E:\Java\JDK8\jdk1.8\jre\bin\nio.dll
0x000007fefc220000 - 0x000007fefc238000 	C:\Windows\system32\CRYPTSP.dll
0x000007fefbf20000 - 0x000007fefbf67000 	C:\Windows\system32\rsaenh.dll
0x000007fefbd30000 - 0x000007fefbd4e000 	C:\Windows\system32\USERENV.dll
0x000007fefc9b0000 - 0x000007fefc9bf000 	C:\Windows\system32\CRYPTBASE.dll
0x000007fefa1b0000 - 0x000007fefa1c1000 	C:\Windows\system32\dhcpcsvc6.DLL
0x000007fefa120000 - 0x000007fefa138000 	C:\Windows\system32\dhcpcsvc.DLL
0x000007fefb9e0000 - 0x000007fefb9f5000 	C:\Windows\system32\NLAapi.dll
0x000007fef0f40000 - 0x000007fef0f55000 	C:\Windows\system32\napinsp.dll
0x000007fef0f00000 - 0x000007fef0f19000 	C:\Windows\system32\pnrpnsp.dll
0x000007fef0ef0000 - 0x000007fef0efb000 	C:\Windows\System32\winrnr.dll
0x000007fef0ee0000 - 0x000007fef0ef0000 	C:\Windows\system32\wshbth.dll
0x000000006ba80000 - 0x000000006baa4000 	E:\Java\JDK8\jdk1.8\jre\bin\sunec.dll
0x000000006aeb0000 - 0x000000006aebb000 	E:\Java\JDK8\jdk1.8\jre\bin\sunmscapi.dll
0x000007fefcca0000 - 0x000007fefce0d000 	C:\Windows\system32\CRYPT32.dll
0x000007fefcb60000 - 0x000007fefcb6f000 	C:\Windows\system32\MSASN1.dll
0x000007fefa470000 - 0x000007fefa595000 	C:\Windows\system32\dbghelp.dll

VM Arguments:
jvm_args: -agentlib:jdwp=transport=dt_socket,address=127.0.0.1:5990,suspend=y,server=n -XX:TieredStopAtLevel=1 -Xverify:none -Dspring.output.ansi.enabled=always -Dcom.sun.management.jmxremote -Dspring.jmx.enabled=true -Dspring.liveBeansView.mbeanDomain -Dspring.application.admin.enabled=true -javaagent:C:\Users\Administrator\AppData\Local\JetBrains\IntelliJIdea2020.1\captureAgent\debugger-agent.jar=file:/C:/Users/Administrator/AppData/Local/Temp/capture.props -Dfile.encoding=UTF-8 
java_command: com.reptile.wuthering.waves.ReptileWutheringWavesApplication
java_class_path (initial): E:\Java\JDK8\jdk1.8\jre\lib\charsets.jar;E:\Java\JDK8\jdk1.8\jre\lib\deploy.jar;E:\Java\JDK8\jdk1.8\jre\lib\ext\access-bridge-64.jar;E:\Java\JDK8\jdk1.8\jre\lib\ext\cldrdata.jar;E:\Java\JDK8\jdk1.8\jre\lib\ext\dnsns.jar;E:\Java\JDK8\jdk1.8\jre\lib\ext\jaccess.jar;E:\Java\JDK8\jdk1.8\jre\lib\ext\jfxrt.jar;E:\Java\JDK8\jdk1.8\jre\lib\ext\localedata.jar;E:\Java\JDK8\jdk1.8\jre\lib\ext\nashorn.jar;E:\Java\JDK8\jdk1.8\jre\lib\ext\sunec.jar;E:\Java\JDK8\jdk1.8\jre\lib\ext\sunjce_provider.jar;E:\Java\JDK8\jdk1.8\jre\lib\ext\sunmscapi.jar;E:\Java\JDK8\jdk1.8\jre\lib\ext\sunpkcs11.jar;E:\Java\JDK8\jdk1.8\jre\lib\ext\zipfs.jar;E:\Java\JDK8\jdk1.8\jre\lib\javaws.jar;E:\Java\JDK8\jdk1.8\jre\lib\jce.jar;E:\Java\JDK8\jdk1.8\jre\lib\jfr.jar;E:\Java\JDK8\jdk1.8\jre\lib\jfxswt.jar;E:\Java\JDK8\jdk1.8\jre\lib\jsse.jar;E:\Java\JDK8\jdk1.8\jre\lib\management-agent.jar;E:\Java\JDK8\jdk1.8\jre\lib\plugin.jar;E:\Java\JDK8\jdk1.8\jre\lib\resources.jar;E:\Java\JDK8\jdk1.8\jre\lib\rt.jar;F:\yk\reptile-wuthering-waves-main\target\classes;C:\Users\Administrator\.m2\repository\org\springframework\boot\spring-boot-starter-web\2.7.18\spring-boot-starter-web-2.7.18.jar;C:\Users\Administrator\.m2\repository\org\springframework\boot\spring-boot-starter\2.7.18\spring-boot-starter-2.7.18.jar;C:\Users\Administrator\.m2\repository\org\springframework\boot\spring-boot\2.7.18\spring-boot-2.7.18.jar;C:\Users\Administrator\.m2\repository\org\springframework\boot\spring-boot-starter-logging\2.7.18\spring-boot-starter-logging-2.7.18.jar;C:\Users\Administrator\.m2\repository\ch\qos\logback\logback-classic\1.2.12\logback-classic-1.2.12.jar;C:\Users\Administrator\.m2\repository\ch\qos\logback\logback-core\1.2.12\logback-core-1.2.12.jar;C:\Users\Administrator\.m2\repository\org\apache\logging\log4j\log4j-to-slf4j\2.17.2\log4j-to-slf4j-2.17.2.jar;C:\Users\Administrator\.m2\repository\org\apache\logging\log4j\log4j-api\2.17.2\log4j-api-2.17.2.jar;C:\Users\Administrator\.m2\repository\or
Launcher Type: SUN_STANDARD

Environment Variables:
JAVA_HOME=E:\Java\JDK8\jdk1.8
CLASSPATH=.;E:\Java\JDK8\jdk1.8\lib;E:\Java\JDK8\jdk1.8\lib\tools.jar;F:\springcloud\middleware\apachejmeter\apache-jmeter-5.4.1\lib\ext\ApacheJMeter_core.jar;F:\springcloud\middleware\apachejmeter\apache-jmeter-5.4.1\lib\jorphan.jar
PATH=F:\yk\学习\影刀;C:\Program Files (x86)\Common Files\Oracle\Java\javapath;F:\xftp\;F:\xsheel\;E:\mysql\mysql-5.7.22-winx64\bin;E:\Java\JDK8\jdk1.8\bin;E:\Java\JDK8\jdk1.8\jre\bin;C:\Windows\system32;C:\Windows;C:\Windows\System32\Wbem;C:\Windows\System32\WindowsPowerShell\v1.0\;C:\Program Files (x86)\Microsoft SQL Server\80\Tools\Binn\;E:\tools\sqlserver\Microsoft SQL Server (x86)\90\DTS\Binn\;E:\tools\sqlserver\Microsoft SQL Server (x86)\90\Tools\binn\;E:\tools\sqlserver\Microsoft SQL Server (x86)\90\Tools\Binn\VSShell\Common7\IDE\;C:\Program Files (x86)\Microsoft Visual Studio 8\Common7\IDE\PrivateAssemblies\;F:\apachemaven\bin;E:\apache-tomcat-8.5.31\bin;E:\apache-tomcat-8.5.31\lib;C:\Program Files\VideoLAN\VLC;C:\Program Files\TortoiseSVN\bin;F:\groovy-2.5.2\bin;C:\strawberry\c\bin;C:\strawberry\perl\bin;C:\gitDB\TortoiseGit\bin;C:\Program Files\Git\cmd;C:\Program Files\dotnet\;C:\Program Files\Microsoft SQL Server\130\Tools\Binn\;C:\Program Files\Microsoft SQL Server\Client SDK\ODBC\170\Tools\Binn\;C:\Windows/system32;C:\Windows;E:\wxkaifa\微信web开发者工具\dll;E:\node\nodejs\;F:\nginx-1.12.2\bin;F:\yk\学习\影刀;C:\Users\Administrator\AppData\Local\Programs\Python\Python37-32\Scripts\;C:\Users\Administrator\AppData\Local\Programs\Python\Python37-32\;C:\Users\Administrator\AppData\Local\GitHubDesktop\bin;F:\yk\code\vs\Microsoft VS Code\bin;F:\docker\Docker Toolbox;E:\wxkaifa\微信web开发者工具\dll;E:\node\nodejs;E:\node\nodejs\node_global\;
USERNAME=Administrator
OS=Windows_NT
PROCESSOR_IDENTIFIER=Intel64 Family 6 Model 60 Stepping 3, GenuineIntel



---------------  S Y S T E M  ---------------

OS: Windows 7 , 64 bit Build 7601 Service Pack 1

CPU:total 4 (4 cores per cpu, 1 threads per core) family 6 model 60 stepping 3, cmov, cx8, fxsr, mmx, sse, sse2, sse3, ssse3, sse4.1, sse4.2, popcnt, avx, avx2, aes, clmul, erms, lzcnt, tsc, tscinvbit, bmi1, bmi2

Memory: 4k page, physical 16674892k(2730456k free), swap 34850312k(5772828k free)

vm_info: Java HotSpot(TM) 64-Bit Server VM (25.31-b07) for windows-amd64 JRE (1.8.0_31-b13), built on Dec 17 2014 21:00:28 by "java_re" with MS VC++ 10.0 (VS2010)

time: Thu Feb 20 15:39:51 2025
elapsed time: 695 seconds (0d 0h 11m 35s)

